# JRE version: OpenJDK Runtime Environment (8.0_152-b01) (build 1.8.0_152-release-1024-b01)
# Java VM: OpenJDK 64-Bit Server VM (25.152-b01 mixed mode linux-amd64 compressed oops)
Heap:
 PSYoungGen      total 237568K, used 12331K [0x00000000e0000000, 0x00000000efa80000, 0x0000000100000000)
  eden space 218624K, 0% used [0x00000000e0000000,0x00000000e0000000,0x00000000ed580000)
  from space 18944K, 65% used [0x00000000ed580000,0x00000000ee18ace0,0x00000000ee800000)
  to   space 16896K, 0% used [0x00000000eea00000,0x00000000eea00000,0x00000000efa80000)
 ParOldGen       total 98304K, used 80261K [0x00000000a0000000, 0x00000000a6000000, 0x00000000e0000000)
  object space 98304K, 81% used [0x00000000a0000000,0x00000000a4e617f0,0x00000000a6000000)
 Metaspace       used 73786K, capacity 76768K, committed 76888K, reserved 1116160K
  class space    used 9424K, capacity 10074K, committed 10112K, reserved 1048576K
GC Heap History (10 events):
Event: 144.758 GC heap after
Heap after GC invocations=25 (full 3):
 PSYoungGen      total 160256K, used 5956K [0x00000000e0000000, 0x00000000eae80000, 0x0000000100000000)
  eden space 151040K, 0% used [0x00000000e0000000,0x00000000e0000000,0x00000000e9380000)
  from space 9216K, 64% used [0x00000000ea580000,0x00000000eab51080,0x00000000eae80000)
  to   space 13824K, 0% used [0x00000000e9380000,0x00000000e9380000,0x00000000ea100000)
 ParOldGen       total 98304K, used 49591K [0x00000000a0000000, 0x00000000a6000000, 0x00000000e0000000)
  object space 98304K, 50% used [0x00000000a0000000,0x00000000a306ddb0,0x00000000a6000000)
 Metaspace       used 62290K, capacity 64292K, committed 64472K, reserved 1105920K
  class space    used 8130K, capacity 8621K, committed 8704K, reserved 1048576K
}
Event: 157.428 GC heap before
{Heap before GC invocations=26 (full 3):
 PSYoungGen      total 160256K, used 156996K [0x00000000e0000000, 0x00000000eae80000, 0x0000000100000000)
  eden space 151040K, 100% used [0x00000000e0000000,0x00000000e9380000,0x00000000e9380000)
  from space 9216K, 64% used [0x00000000ea580000,0x00000000eab51080,0x00000000eae80000)
  to   space 13824K, 0% used [0x00000000e9380000,0x00000000e9380000,0x00000000ea100000)
 ParOldGen       total 98304K, used 49591K [0x00000000a0000000, 0x00000000a6000000, 0x00000000e0000000)
  object space 98304K, 50% used [0x00000000a0000000,0x00000000a306ddb0,0x00000000a6000000)
 Metaspace       used 68120K, capacity 70498K, committed 70616K, reserved 1110016K
  class space    used 8810K, capacity 9382K, committed 9472K, reserved 1048576K
Event: 157.479 GC heap after
Heap after GC invocations=26 (full 3):
 PSYoungGen      total 164864K, used 13811K [0x00000000e0000000, 0x00000000ed900000, 0x0000000100000000)
  eden space 151040K, 0% used [0x00000000e0000000,0x00000000e0000000,0x00000000e9380000)
  from space 13824K, 99% used [0x00000000e9380000,0x00000000ea0fcfe0,0x00000000ea100000)
  to   space 20992K, 0% used [0x00000000ec480000,0x00000000ec480000,0x00000000ed900000)
 ParOldGen       total 98304K, used 63315K [0x00000000a0000000, 0x00000000a6000000, 0x00000000e0000000)
  object space 98304K, 64% used [0x00000000a0000000,0x00000000a3dd4e18,0x00000000a6000000)
 Metaspace       used 68120K, capacity 70498K, committed 70616K, reserved 1110016K
  class space    used 8810K, capacity 9382K, committed 9472K, reserved 1048576K
}
Event: 163.117 GC heap before
{Heap before GC invocations=27 (full 3):
 PSYoungGen      total 164864K, used 164150K [0x00000000e0000000, 0x00000000ed900000, 0x0000000100000000)
  eden space 151040K, 99% used [0x00000000e0000000,0x00000000e92d0958,0x00000000e9380000)
  from space 13824K, 99% used [0x00000000e9380000,0x00000000ea0fcfe0,0x00000000ea100000)
  to   space 20992K, 0% used [0x00000000ec480000,0x00000000ec480000,0x00000000ed900000)
 ParOldGen       total 98304K, used 63315K [0x00000000a0000000, 0x00000000a6000000, 0x00000000e0000000)
  object space 98304K, 64% used [0x00000000a0000000,0x00000000a3dd4e18,0x00000000a6000000)
 Metaspace       used 69876K, capacity 72360K, committed 72536K, reserved 1112064K
  class space    used 8971K, capacity 9549K, committed 9600K, reserved 1048576K
Event: 163.164 GC heap after
Heap after GC invocations=27 (full 3):
 PSYoungGen      total 196096K, used 9135K [0x00000000e0000000, 0x00000000ed580000, 0x0000000100000000)
  eden space 178688K, 0% used [0x00000000e0000000,0x00000000e0000000,0x00000000eae80000)
  from space 17408K, 52% used [0x00000000ec480000,0x00000000ecd6bc40,0x00000000ed580000)
  to   space 19968K, 0% used [0x00000000eae80000,0x00000000eae80000,0x00000000ec200000)
 ParOldGen       total 98304K, used 72876K [0x00000000a0000000, 0x00000000a6000000, 0x00000000e0000000)
  object space 98304K, 74% used [0x00000000a0000000,0x00000000a472b3d0,0x00000000a6000000)
 Metaspace       used 69876K, capacity 72360K, committed 72536K, reserved 1112064K
  class space    used 8971K, capacity 9549K, committed 9600K, reserved 1048576K
}
Event: 163.247 GC heap before
{Heap before GC invocations=28 (full 3):
 PSYoungGen      total 196096K, used 186876K [0x00000000e0000000, 0x00000000ed580000, 0x0000000100000000)
  eden space 178688K, 99% used [0x00000000e0000000,0x00000000ead93798,0x00000000eae80000)
  from space 17408K, 52% used [0x00000000ec480000,0x00000000ecd6bc40,0x00000000ed580000)
  to   space 19968K, 0% used [0x00000000eae80000,0x00000000eae80000,0x00000000ec200000)
 ParOldGen       total 98304K, used 72876K [0x00000000a0000000, 0x00000000a6000000, 0x00000000e0000000)
  object space 98304K, 74% used [0x00000000a0000000,0x00000000a472b3d0,0x00000000a6000000)
 Metaspace       used 69882K, capacity 72360K, committed 72536K, reserved 1112064K
  class space    used 8971K, capacity 9549K, committed 9600K, reserved 1048576K
Event: 163.263 GC heap after
Heap after GC invocations=28 (full 3):
 PSYoungGen      total 198656K, used 7896K [0x00000000e0000000, 0x00000000efc80000, 0x0000000100000000)
  eden space 178688K, 0% used [0x00000000e0000000,0x00000000e0000000,0x00000000eae80000)
  from space 19968K, 39% used [0x00000000eae80000,0x00000000eb636340,0x00000000ec200000)
  to   space 18944K, 0% used [0x00000000eea00000,0x00000000eea00000,0x00000000efc80000)
 ParOldGen       total 98304K, used 72884K [0x00000000a0000000, 0x00000000a6000000, 0x00000000e0000000)
  object space 98304K, 74% used [0x00000000a0000000,0x00000000a472d3d0,0x00000000a6000000)
 Metaspace       used 69882K, capacity 72360K, committed 72536K, reserved 1112064K
  class space    used 8971K, capacity 9549K, committed 9600K, reserved 1048576K
}
Event: 168.294 GC heap before
{Heap before GC invocations=29 (full 3):
 PSYoungGen      total 198656K, used 186584K [0x00000000e0000000, 0x00000000efc80000, 0x0000000100000000)
  eden space 178688K, 100% used [0x00000000e0000000,0x00000000eae80000,0x00000000eae80000)
  from space 19968K, 39% used [0x00000000eae80000,0x00000000eb636340,0x00000000ec200000)
  to   space 18944K, 0% used [0x00000000eea00000,0x00000000eea00000,0x00000000efc80000)
 ParOldGen       total 98304K, used 72884K [0x00000000a0000000, 0x00000000a6000000, 0x00000000e0000000)
  object space 98304K, 74% used [0x00000000a0000000,0x00000000a472d3d0,0x00000000a6000000)
 Metaspace       used 70488K, capacity 73204K, committed 73432K, reserved 1114112K
  class space    used 9066K, capacity 9695K, committed 9728K, reserved 1048576K
Event: 168.329 GC heap after
Heap after GC invocations=29 (full 3):
 PSYoungGen      total 235520K, used 1894K [0x00000000e0000000, 0x00000000efa80000, 0x0000000100000000)
  eden space 218624K, 0% used [0x00000000e0000000,0x00000000e0000000,0x00000000ed580000)
  from space 16896K, 11% used [0x00000000eea00000,0x00000000eebd9bc0,0x00000000efa80000)
  to   space 18944K, 0% used [0x00000000ed580000,0x00000000ed580000,0x00000000ee800000)
 ParOldGen       total 98304K, used 79568K [0x00000000a0000000, 0x00000000a6000000, 0x00000000e0000000)
  object space 98304K, 80% used [0x00000000a0000000,0x00000000a4db42a0,0x00000000a6000000)
 Metaspace       used 70488K, capacity 73204K, committed 73432K, reserved 1114112K
  class space    used 9066K, capacity 9695K, committed 9728K, reserved 1048576K
}
Event: 184.311 GC heap before
{Heap before GC invocations=30 (full 3):
 PSYoungGen      total 235520K, used 220518K [0x00000000e0000000, 0x00000000efa80000, 0x0000000100000000)
  eden space 218624K, 100% used [0x00000000e0000000,0x00000000ed580000,0x00000000ed580000)
  from space 16896K, 11% used [0x00000000eea00000,0x00000000eebd9bc0,0x00000000efa80000)
  to   space 18944K, 0% used [0x00000000ed580000,0x00000000ed580000,0x00000000ee800000)
 ParOldGen       total 98304K, used 79568K [0x00000000a0000000, 0x00000000a6000000, 0x00000000e0000000)
  object space 98304K, 80% used [0x00000000a0000000,0x00000000a4db42a0,0x00000000a6000000)
 Metaspace       used 73786K, capacity 76768K, committed 76888K, reserved 1116160K
  class space    used 9424K, capacity 10074K, committed 10112K, reserved 1048576K

