# JRE version: OpenJDK Runtime Environment (8.0_152-b01) (build 1.8.0_152-release-1024-b01)
# Java VM: OpenJDK 64-Bit Server VM (25.152-b01 mixed mode linux-amd64 compressed oops)
Heap:
 PSYoungGen      total 441344K, used 9603K [0x00000000e0000000, 0x00000000fc600000, 0x0000000100000000)
  eden space 417792K, 0% used [0x00000000e0000000,0x00000000e0000000,0x00000000f9800000)
  from space 23552K, 40% used [0x00000000f9800000,0x00000000fa160c00,0x00000000faf00000)
  to   space 22528K, 0% used [0x00000000fb000000,0x00000000fb000000,0x00000000fc600000)
 ParOldGen       total 91136K, used 58736K [0x00000000a0000000, 0x00000000a5900000, 0x00000000e0000000)
  object space 91136K, 64% used [0x00000000a0000000,0x00000000a395c290,0x00000000a5900000)
 Metaspace       used 83244K, capacity 86783K, committed 86872K, reserved 1124352K
  class space    used 10619K, capacity 11328K, committed 11392K, reserved 1048576K
GC Heap History (10 events):
Event: 65.276 GC heap after
Heap after GC invocations=21 (full 3):
 PSYoungGen      total 295424K, used 17983K [0x00000000e0000000, 0x00000000f3a80000, 0x0000000100000000)
  eden space 273920K, 0% used [0x00000000e0000000,0x00000000e0000000,0x00000000f0b80000)
  from space 21504K, 83% used [0x00000000f2580000,0x00000000f370fd78,0x00000000f3a80000)
  to   space 24064K, 0% used [0x00000000f0b80000,0x00000000f0b80000,0x00000000f2300000)
 ParOldGen       total 91136K, used 46778K [0x00000000a0000000, 0x00000000a5900000, 0x00000000e0000000)
  object space 91136K, 51% used [0x00000000a0000000,0x00000000a2daea28,0x00000000a5900000)
 Metaspace       used 75142K, capacity 78081K, committed 78424K, reserved 1118208K
  class space    used 9871K, capacity 10517K, committed 10624K, reserved 1048576K
}
Event: 70.872 GC heap before
{Heap before GC invocations=22 (full 3):
 PSYoungGen      total 295424K, used 291903K [0x00000000e0000000, 0x00000000f3a80000, 0x0000000100000000)
  eden space 273920K, 100% used [0x00000000e0000000,0x00000000f0b80000,0x00000000f0b80000)
  from space 21504K, 83% used [0x00000000f2580000,0x00000000f370fd78,0x00000000f3a80000)
  to   space 24064K, 0% used [0x00000000f0b80000,0x00000000f0b80000,0x00000000f2300000)
 ParOldGen       total 91136K, used 46778K [0x00000000a0000000, 0x00000000a5900000, 0x00000000e0000000)
  object space 91136K, 51% used [0x00000000a0000000,0x00000000a2daea28,0x00000000a5900000)
 Metaspace       used 77277K, capacity 80339K, committed 80600K, reserved 1120256K
  class space    used 10047K, capacity 10702K, committed 10752K, reserved 1048576K
Event: 70.922 GC heap after
Heap after GC invocations=22 (full 3):
 PSYoungGen      total 297984K, used 7710K [0x00000000e0000000, 0x00000000f8000000, 0x0000000100000000)
  eden space 273920K, 0% used [0x00000000e0000000,0x00000000e0000000,0x00000000f0b80000)
  from space 24064K, 32% used [0x00000000f0b80000,0x00000000f1307b40,0x00000000f2300000)
  to   space 23552K, 0% used [0x00000000f6900000,0x00000000f6900000,0x00000000f8000000)
 ParOldGen       total 91136K, used 53367K [0x00000000a0000000, 0x00000000a5900000, 0x00000000e0000000)
  object space 91136K, 58% used [0x00000000a0000000,0x00000000a341dde0,0x00000000a5900000)
 Metaspace       used 77277K, capacity 80339K, committed 80600K, reserved 1120256K
  class space    used 10047K, capacity 10702K, committed 10752K, reserved 1048576K
}
Event: 75.584 GC heap before
{Heap before GC invocations=23 (full 3):
 PSYoungGen      total 297984K, used 281630K [0x00000000e0000000, 0x00000000f8000000, 0x0000000100000000)
  eden space 273920K, 100% used [0x00000000e0000000,0x00000000f0b80000,0x00000000f0b80000)
  from space 24064K, 32% used [0x00000000f0b80000,0x00000000f1307b40,0x00000000f2300000)
  to   space 23552K, 0% used [0x00000000f6900000,0x00000000f6900000,0x00000000f8000000)
 ParOldGen       total 91136K, used 53367K [0x00000000a0000000, 0x00000000a5900000, 0x00000000e0000000)
  object space 91136K, 58% used [0x00000000a0000000,0x00000000a341dde0,0x00000000a5900000)
 Metaspace       used 77621K, capacity 80725K, committed 80856K, reserved 1120256K
  class space    used 10070K, capacity 10739K, committed 10752K, reserved 1048576K
Event: 75.644 GC heap after
Heap after GC invocations=23 (full 3):
 PSYoungGen      total 361472K, used 14331K [0x00000000e0000000, 0x00000000f7c00000, 0x0000000100000000)
  eden space 342016K, 0% used [0x00000000e0000000,0x00000000e0000000,0x00000000f4e00000)
  from space 19456K, 73% used [0x00000000f6900000,0x00000000f76fefc0,0x00000000f7c00000)
  to   space 23552K, 0% used [0x00000000f4e00000,0x00000000f4e00000,0x00000000f6500000)
 ParOldGen       total 91136K, used 55707K [0x00000000a0000000, 0x00000000a5900000, 0x00000000e0000000)
  object space 91136K, 61% used [0x00000000a0000000,0x00000000a3666ea0,0x00000000a5900000)
 Metaspace       used 77621K, capacity 80725K, committed 80856K, reserved 1120256K
  class space    used 10070K, capacity 10739K, committed 10752K, reserved 1048576K
}
Event: 83.836 GC heap before
{Heap before GC invocations=24 (full 3):
 PSYoungGen      total 361472K, used 356347K [0x00000000e0000000, 0x00000000f7c00000, 0x0000000100000000)
  eden space 342016K, 100% used [0x00000000e0000000,0x00000000f4e00000,0x00000000f4e00000)
  from space 19456K, 73% used [0x00000000f6900000,0x00000000f76fefc0,0x00000000f7c00000)
  to   space 23552K, 0% used [0x00000000f4e00000,0x00000000f4e00000,0x00000000f6500000)
 ParOldGen       total 91136K, used 55707K [0x00000000a0000000, 0x00000000a5900000, 0x00000000e0000000)
  object space 91136K, 61% used [0x00000000a0000000,0x00000000a3666ea0,0x00000000a5900000)
 Metaspace       used 78654K, capacity 81779K, committed 82008K, reserved 1120256K
  class space    used 10186K, capacity 10834K, committed 10880K, reserved 1048576K
Event: 83.860 GC heap after
Heap after GC invocations=24 (full 3):
 PSYoungGen      total 365568K, used 4621K [0x00000000e0000000, 0x00000000fc700000, 0x0000000100000000)
  eden space 342016K, 0% used [0x00000000e0000000,0x00000000e0000000,0x00000000f4e00000)
  from space 23552K, 19% used [0x00000000f4e00000,0x00000000f5283788,0x00000000f6500000)
  to   space 23552K, 0% used [0x00000000fb000000,0x00000000fb000000,0x00000000fc700000)
 ParOldGen       total 91136K, used 58064K [0x00000000a0000000, 0x00000000a5900000, 0x00000000e0000000)
  object space 91136K, 63% used [0x00000000a0000000,0x00000000a38b41b0,0x00000000a5900000)
 Metaspace       used 78654K, capacity 81779K, committed 82008K, reserved 1120256K
  class space    used 10186K, capacity 10834K, committed 10880K, reserved 1048576K
}
Event: 85.318 GC heap before
{Heap before GC invocations=25 (full 3):
 PSYoungGen      total 365568K, used 346435K [0x00000000e0000000, 0x00000000fc700000, 0x0000000100000000)
  eden space 342016K, 99% used [0x00000000e0000000,0x00000000f4dcd4f8,0x00000000f4e00000)
  from space 23552K, 19% used [0x00000000f4e00000,0x00000000f5283788,0x00000000f6500000)
  to   space 23552K, 0% used [0x00000000fb000000,0x00000000fb000000,0x00000000fc700000)
 ParOldGen       total 91136K, used 58064K [0x00000000a0000000, 0x00000000a5900000, 0x00000000e0000000)
  object space 91136K, 63% used [0x00000000a0000000,0x00000000a38b41b0,0x00000000a5900000)
 Metaspace       used 78808K, capacity 82023K, committed 82264K, reserved 1120256K
  class space    used 10190K, capacity 10840K, committed 10880K, reserved 1048576K
Event: 85.349 GC heap after
Heap after GC invocations=25 (full 3):
 PSYoungGen      total 440320K, used 2650K [0x00000000e0000000, 0x00000000fc600000, 0x0000000100000000)
  eden space 417792K, 0% used [0x00000000e0000000,0x00000000e0000000,0x00000000f9800000)
  from space 22528K, 11% used [0x00000000fb000000,0x00000000fb296bd0,0x00000000fc600000)
  to   space 23552K, 0% used [0x00000000f9800000,0x00000000f9800000,0x00000000faf00000)
 ParOldGen       total 91136K, used 58640K [0x00000000a0000000, 0x00000000a5900000, 0x00000000e0000000)
  object space 91136K, 64% used [0x00000000a0000000,0x00000000a3944270,0x00000000a5900000)
 Metaspace       used 78808K, capacity 82023K, committed 82264K, reserved 1120256K
  class space    used 10190K, capacity 10840K, committed 10880K, reserved 1048576K
}
Event: 1019.595 GC heap before
{Heap before GC invocations=26 (full 3):
 PSYoungGen      total 440320K, used 420273K [0x00000000e0000000, 0x00000000fc600000, 0x0000000100000000)
  eden space 417792K, 99% used [0x00000000e0000000,0x00000000f97d58d0,0x00000000f9800000)
  from space 22528K, 11% used [0x00000000fb000000,0x00000000fb296bd0,0x00000000fc600000)
  to   space 23552K, 0% used [0x00000000f9800000,0x00000000f9800000,0x00000000faf00000)
 ParOldGen       total 91136K, used 58640K [0x00000000a0000000, 0x00000000a5900000, 0x00000000e0000000)
  object space 91136K, 64% used [0x00000000a0000000,0x00000000a3944270,0x00000000a5900000)
 Metaspace       used 83244K, capacity 86783K, committed 86872K, reserved 1124352K
  class space    used 10619K, capacity 11328K, committed 11392K, reserved 1048576K

