# JRE version: OpenJDK Runtime Environment (8.0_152-b01) (build 1.8.0_152-release-1024-b01)
# Java VM: OpenJDK 64-Bit Server VM (25.152-b01 mixed mode linux-amd64 compressed oops)
Heap:
 PSYoungGen      total 208384K, used 6272K [0x00000000e0000000, 0x00000000edc80000, 0x0000000100000000)
  eden space 190976K, 0% used [0x00000000e0000000,0x00000000e0000000,0x00000000eba80000)
  from space 17408K, 36% used [0x00000000eba80000,0x00000000ec0a0010,0x00000000ecb80000)
  to   space 14848K, 0% used [0x00000000ece00000,0x00000000ece00000,0x00000000edc80000)
 ParOldGen       total 132608K, used 67895K [0x00000000a0000000, 0x00000000a8180000, 0x00000000e0000000)
  object space 132608K, 51% used [0x00000000a0000000,0x00000000a424dda0,0x00000000a8180000)
 Metaspace       used 70222K, capacity 72775K, committed 73048K, reserved 1112064K
  class space    used 9211K, capacity 9771K, committed 9856K, reserved 1048576K
GC Heap History (10 events):
Event: 53.767 GC heap after
Heap after GC invocations=30 (full 3):
 PSYoungGen      total 154624K, used 7154K [0x00000000e0000000, 0x00000000ec000000, 0x0000000100000000)
  eden space 135680K, 0% used [0x00000000e0000000,0x00000000e0000000,0x00000000e8480000)
  from space 18944K, 37% used [0x00000000e8480000,0x00000000e8b7c9e8,0x00000000e9700000)
  to   space 17920K, 0% used [0x00000000eae80000,0x00000000eae80000,0x00000000ec000000)
 ParOldGen       total 95232K, used 76307K [0x00000000a0000000, 0x00000000a5d00000, 0x00000000e0000000)
  object space 95232K, 80% used [0x00000000a0000000,0x00000000a4a84d38,0x00000000a5d00000)
 Metaspace       used 70146K, capacity 72631K, committed 72792K, reserved 1112064K
  class space    used 9213K, capacity 9783K, committed 9856K, reserved 1048576K
}
Event: 54.270 GC heap before
{Heap before GC invocations=31 (full 3):
 PSYoungGen      total 154624K, used 142834K [0x00000000e0000000, 0x00000000ec000000, 0x0000000100000000)
  eden space 135680K, 100% used [0x00000000e0000000,0x00000000e8480000,0x00000000e8480000)
  from space 18944K, 37% used [0x00000000e8480000,0x00000000e8b7c9e8,0x00000000e9700000)
  to   space 17920K, 0% used [0x00000000eae80000,0x00000000eae80000,0x00000000ec000000)
 ParOldGen       total 95232K, used 76307K [0x00000000a0000000, 0x00000000a5d00000, 0x00000000e0000000)
  object space 95232K, 80% used [0x00000000a0000000,0x00000000a4a84d38,0x00000000a5d00000)
 Metaspace       used 70163K, capacity 72695K, committed 72792K, reserved 1112064K
  class space    used 9214K, capacity 9783K, committed 9856K, reserved 1048576K
Event: 54.298 GC heap after
Heap after GC invocations=31 (full 3):
 PSYoungGen      total 178688K, used 4704K [0x00000000e0000000, 0x00000000ec200000, 0x0000000100000000)
  eden space 160768K, 0% used [0x00000000e0000000,0x00000000e0000000,0x00000000e9d00000)
  from space 17920K, 26% used [0x00000000eae80000,0x00000000eb318030,0x00000000ec000000)
  to   space 17920K, 0% used [0x00000000e9d00000,0x00000000e9d00000,0x00000000eae80000)
 ParOldGen       total 95232K, used 82680K [0x00000000a0000000, 0x00000000a5d00000, 0x00000000e0000000)
  object space 95232K, 86% used [0x00000000a0000000,0x00000000a50be390,0x00000000a5d00000)
 Metaspace       used 70163K, capacity 72695K, committed 72792K, reserved 1112064K
  class space    used 9214K, capacity 9783K, committed 9856K, reserved 1048576K
}
Event: 55.106 GC heap before
{Heap before GC invocations=32 (full 3):
 PSYoungGen      total 178688K, used 165472K [0x00000000e0000000, 0x00000000ec200000, 0x0000000100000000)
  eden space 160768K, 100% used [0x00000000e0000000,0x00000000e9d00000,0x00000000e9d00000)
  from space 17920K, 26% used [0x00000000eae80000,0x00000000eb318030,0x00000000ec000000)
  to   space 17920K, 0% used [0x00000000e9d00000,0x00000000e9d00000,0x00000000eae80000)
 ParOldGen       total 95232K, used 82680K [0x00000000a0000000, 0x00000000a5d00000, 0x00000000e0000000)
  object space 95232K, 86% used [0x00000000a0000000,0x00000000a50be390,0x00000000a5d00000)
 Metaspace       used 70224K, capacity 72695K, committed 72792K, reserved 1112064K
  class space    used 9218K, capacity 9783K, committed 9856K, reserved 1048576K
Event: 55.143 GC heap after
Heap after GC invocations=32 (full 3):
 PSYoungGen      total 178688K, used 4608K [0x00000000e0000000, 0x00000000edf00000, 0x0000000100000000)
  eden space 160768K, 0% used [0x00000000e0000000,0x00000000e0000000,0x00000000e9d00000)
  from space 17920K, 25% used [0x00000000e9d00000,0x00000000ea180010,0x00000000eae80000)
  to   space 17408K, 0% used [0x00000000ece00000,0x00000000ece00000,0x00000000edf00000)
 ParOldGen       total 95232K, used 86965K [0x00000000a0000000, 0x00000000a5d00000, 0x00000000e0000000)
  object space 95232K, 91% used [0x00000000a0000000,0x00000000a54ed670,0x00000000a5d00000)
 Metaspace       used 70224K, capacity 72695K, committed 72792K, reserved 1112064K
  class space    used 9218K, capacity 9783K, committed 9856K, reserved 1048576K
}
Event: 55.143 GC heap before
{Heap before GC invocations=33 (full 4):
 PSYoungGen      total 178688K, used 4608K [0x00000000e0000000, 0x00000000edf00000, 0x0000000100000000)
  eden space 160768K, 0% used [0x00000000e0000000,0x00000000e0000000,0x00000000e9d00000)
  from space 17920K, 25% used [0x00000000e9d00000,0x00000000ea180010,0x00000000eae80000)
  to   space 17408K, 0% used [0x00000000ece00000,0x00000000ece00000,0x00000000edf00000)
 ParOldGen       total 95232K, used 86965K [0x00000000a0000000, 0x00000000a5d00000, 0x00000000e0000000)
  object space 95232K, 91% used [0x00000000a0000000,0x00000000a54ed670,0x00000000a5d00000)
 Metaspace       used 70224K, capacity 72695K, committed 72792K, reserved 1112064K
  class space    used 9218K, capacity 9783K, committed 9856K, reserved 1048576K
Event: 55.521 GC heap after
Heap after GC invocations=33 (full 4):
 PSYoungGen      total 178688K, used 0K [0x00000000e0000000, 0x00000000edf00000, 0x0000000100000000)
  eden space 160768K, 0% used [0x00000000e0000000,0x00000000e0000000,0x00000000e9d00000)
  from space 17920K, 0% used [0x00000000e9d00000,0x00000000e9d00000,0x00000000eae80000)
  to   space 17408K, 0% used [0x00000000ece00000,0x00000000ece00000,0x00000000edf00000)
 ParOldGen       total 132608K, used 63967K [0x00000000a0000000, 0x00000000a8180000, 0x00000000e0000000)
  object space 132608K, 48% used [0x00000000a0000000,0x00000000a3e77d70,0x00000000a8180000)
 Metaspace       used 70205K, capacity 72639K, committed 72792K, reserved 1112064K
  class space    used 9211K, capacity 9771K, committed 9856K, reserved 1048576K
}
Event: 56.112 GC heap before
{Heap before GC invocations=34 (full 4):
 PSYoungGen      total 178688K, used 160768K [0x00000000e0000000, 0x00000000edf00000, 0x0000000100000000)
  eden space 160768K, 100% used [0x00000000e0000000,0x00000000e9d00000,0x00000000e9d00000)
  from space 17920K, 0% used [0x00000000e9d00000,0x00000000e9d00000,0x00000000eae80000)
  to   space 17408K, 0% used [0x00000000ece00000,0x00000000ece00000,0x00000000edf00000)
 ParOldGen       total 132608K, used 63967K [0x00000000a0000000, 0x00000000a8180000, 0x00000000e0000000)
  object space 132608K, 48% used [0x00000000a0000000,0x00000000a3e77d70,0x00000000a8180000)
 Metaspace       used 70205K, capacity 72639K, committed 72792K, reserved 1112064K
  class space    used 9211K, capacity 9771K, committed 9856K, reserved 1048576K
Event: 56.122 GC heap after
Heap after GC invocations=34 (full 4):
 PSYoungGen      total 205824K, used 4384K [0x00000000e0000000, 0x00000000edc80000, 0x0000000100000000)
  eden space 190976K, 0% used [0x00000000e0000000,0x00000000e0000000,0x00000000eba80000)
  from space 14848K, 29% used [0x00000000ece00000,0x00000000ed248000,0x00000000edc80000)
  to   space 17408K, 0% used [0x00000000eba80000,0x00000000eba80000,0x00000000ecb80000)
 ParOldGen       total 132608K, used 63967K [0x00000000a0000000, 0x00000000a8180000, 0x00000000e0000000)
  object space 132608K, 48% used [0x00000000a0000000,0x00000000a3e77d70,0x00000000a8180000)
 Metaspace       used 70205K, capacity 72639K, committed 72792K, reserved 1112064K
  class space    used 9211K, capacity 9771K, committed 9856K, reserved 1048576K
}
Event: 56.786 GC heap before
{Heap before GC invocations=35 (full 4):
 PSYoungGen      total 205824K, used 195360K [0x00000000e0000000, 0x00000000edc80000, 0x0000000100000000)
  eden space 190976K, 100% used [0x00000000e0000000,0x00000000eba80000,0x00000000eba80000)
  from space 14848K, 29% used [0x00000000ece00000,0x00000000ed248000,0x00000000edc80000)
  to   space 17408K, 0% used [0x00000000eba80000,0x00000000eba80000,0x00000000ecb80000)
 ParOldGen       total 132608K, used 63967K [0x00000000a0000000, 0x00000000a8180000, 0x00000000e0000000)
  object space 132608K, 48% used [0x00000000a0000000,0x00000000a3e77d70,0x00000000a8180000)
 Metaspace       used 70222K, capacity 72775K, committed 73048K, reserved 1112064K
  class space    used 9211K, capacity 9771K, committed 9856K, reserved 1048576K

