# JRE version: OpenJDK Runtime Environment (8.0_152-b01) (build 1.8.0_152-release-1024-b01)
# Java VM: OpenJDK 64-Bit Server VM (25.152-b01 mixed mode linux-amd64 compressed oops)
Heap:
 PSYoungGen      total 128000K, used 9099K [0x00000000e0000000, 0x00000000e8a00000, 0x0000000100000000)
  eden space 116736K, 0% used [0x00000000e0000000,0x00000000e0000000,0x00000000e7200000)
  from space 11264K, 80% used [0x00000000e7400000,0x00000000e7ce2ca8,0x00000000e7f00000)
  to   space 7680K, 0% used [0x00000000e8280000,0x00000000e8280000,0x00000000e8a00000)
 ParOldGen       total 35840K, used 11177K [0x00000000a0000000, 0x00000000a2300000, 0x00000000e0000000)
  object space 35840K, 31% used [0x00000000a0000000,0x00000000a0aea688,0x00000000a2300000)
 Metaspace       used 30806K, capacity 31420K, committed 31872K, reserved 1077248K
  class space    used 4203K, capacity 4385K, committed 4480K, reserved 1048576K
GC Heap History (10 events):
Event: 8.783 GC heap after
Heap after GC invocations=3 (full 0):
 PSYoungGen      total 33280K, used 2528K [0x00000000e0000000, 0x00000000e4100000, 0x0000000100000000)
  eden space 30720K, 0% used [0x00000000e0000000,0x00000000e0000000,0x00000000e1e00000)
  from space 2560K, 98% used [0x00000000e1e00000,0x00000000e2078020,0x00000000e2080000)
  to   space 2560K, 0% used [0x00000000e3e80000,0x00000000e3e80000,0x00000000e4100000)
 ParOldGen       total 40960K, used 2607K [0x00000000a0000000, 0x00000000a2800000, 0x00000000e0000000)
  object space 40960K, 6% used [0x00000000a0000000,0x00000000a028be48,0x00000000a2800000)
 Metaspace       used 10381K, capacity 10664K, committed 10752K, reserved 1058816K
  class space    used 1380K, capacity 1486K, committed 1536K, reserved 1048576K
}
Event: 18.285 GC heap before
{Heap before GC invocations=4 (full 0):
 PSYoungGen      total 33280K, used 33248K [0x00000000e0000000, 0x00000000e4100000, 0x0000000100000000)
  eden space 30720K, 100% used [0x00000000e0000000,0x00000000e1e00000,0x00000000e1e00000)
  from space 2560K, 98% used [0x00000000e1e00000,0x00000000e2078020,0x00000000e2080000)
  to   space 2560K, 0% used [0x00000000e3e80000,0x00000000e3e80000,0x00000000e4100000)
 ParOldGen       total 40960K, used 2607K [0x00000000a0000000, 0x00000000a2800000, 0x00000000e0000000)
  object space 40960K, 6% used [0x00000000a0000000,0x00000000a028be48,0x00000000a2800000)
 Metaspace       used 13584K, capacity 13908K, committed 14080K, reserved 1060864K
  class space    used 1895K, capacity 2026K, committed 2048K, reserved 1048576K
Event: 18.294 GC heap after
Heap after GC invocations=4 (full 0):
 PSYoungGen      total 64000K, used 2544K [0x00000000e0000000, 0x00000000e4100000, 0x0000000100000000)
  eden space 61440K, 0% used [0x00000000e0000000,0x00000000e0000000,0x00000000e3c00000)
  from space 2560K, 99% used [0x00000000e3e80000,0x00000000e40fc020,0x00000000e4100000)
  to   space 2560K, 0% used [0x00000000e3c00000,0x00000000e3c00000,0x00000000e3e80000)
 ParOldGen       total 40960K, used 6104K [0x00000000a0000000, 0x00000000a2800000, 0x00000000e0000000)
  object space 40960K, 14% used [0x00000000a0000000,0x00000000a05f61e8,0x00000000a2800000)
 Metaspace       used 13584K, capacity 13908K, committed 14080K, reserved 1060864K
  class space    used 1895K, capacity 2026K, committed 2048K, reserved 1048576K
}
Event: 25.056 GC heap before
{Heap before GC invocations=5 (full 0):
 PSYoungGen      total 64000K, used 54579K [0x00000000e0000000, 0x00000000e4100000, 0x0000000100000000)
  eden space 61440K, 84% used [0x00000000e0000000,0x00000000e32d0d90,0x00000000e3c00000)
  from space 2560K, 99% used [0x00000000e3e80000,0x00000000e40fc020,0x00000000e4100000)
  to   space 2560K, 0% used [0x00000000e3c00000,0x00000000e3c00000,0x00000000e3e80000)
 ParOldGen       total 40960K, used 6104K [0x00000000a0000000, 0x00000000a2800000, 0x00000000e0000000)
  object space 40960K, 14% used [0x00000000a0000000,0x00000000a05f61e8,0x00000000a2800000)
 Metaspace       used 20742K, capacity 21102K, committed 21248K, reserved 1067008K
  class space    used 2911K, capacity 3070K, committed 3072K, reserved 1048576K
Event: 25.077 GC heap after
Heap after GC invocations=5 (full 0):
 PSYoungGen      total 64000K, used 2528K [0x00000000e0000000, 0x00000000e8d00000, 0x0000000100000000)
  eden space 61440K, 0% used [0x00000000e0000000,0x00000000e0000000,0x00000000e3c00000)
  from space 2560K, 98% used [0x00000000e3c00000,0x00000000e3e78060,0x00000000e3e80000)
  to   space 10752K, 0% used [0x00000000e8280000,0x00000000e8280000,0x00000000e8d00000)
 ParOldGen       total 40960K, used 13502K [0x00000000a0000000, 0x00000000a2800000, 0x00000000e0000000)
  object space 40960K, 32% used [0x00000000a0000000,0x00000000a0d2fb58,0x00000000a2800000)
 Metaspace       used 20742K, capacity 21102K, committed 21248K, reserved 1067008K
  class space    used 2911K, capacity 3070K, committed 3072K, reserved 1048576K
}
Event: 25.077 GC heap before
{Heap before GC invocations=6 (full 1):
 PSYoungGen      total 64000K, used 2528K [0x00000000e0000000, 0x00000000e8d00000, 0x0000000100000000)
  eden space 61440K, 0% used [0x00000000e0000000,0x00000000e0000000,0x00000000e3c00000)
  from space 2560K, 98% used [0x00000000e3c00000,0x00000000e3e78060,0x00000000e3e80000)
  to   space 10752K, 0% used [0x00000000e8280000,0x00000000e8280000,0x00000000e8d00000)
 ParOldGen       total 40960K, used 13502K [0x00000000a0000000, 0x00000000a2800000, 0x00000000e0000000)
  object space 40960K, 32% used [0x00000000a0000000,0x00000000a0d2fb58,0x00000000a2800000)
 Metaspace       used 20742K, capacity 21102K, committed 21248K, reserved 1067008K
  class space    used 2911K, capacity 3070K, committed 3072K, reserved 1048576K
Event: 25.134 GC heap after
Heap after GC invocations=6 (full 1):
 PSYoungGen      total 64000K, used 0K [0x00000000e0000000, 0x00000000e8d00000, 0x0000000100000000)
  eden space 61440K, 0% used [0x00000000e0000000,0x00000000e0000000,0x00000000e3c00000)
  from space 2560K, 0% used [0x00000000e3c00000,0x00000000e3c00000,0x00000000e3e80000)
  to   space 10752K, 0% used [0x00000000e8280000,0x00000000e8280000,0x00000000e8d00000)
 ParOldGen       total 35840K, used 11089K [0x00000000a0000000, 0x00000000a2300000, 0x00000000e0000000)
  object space 35840K, 30% used [0x00000000a0000000,0x00000000a0ad4678,0x00000000a2300000)
 Metaspace       used 20742K, capacity 21102K, committed 21248K, reserved 1067008K
  class space    used 2911K, capacity 3070K, committed 3072K, reserved 1048576K
}
Event: 31.163 GC heap before
{Heap before GC invocations=7 (full 1):
 PSYoungGen      total 64000K, used 61440K [0x00000000e0000000, 0x00000000e8d00000, 0x0000000100000000)
  eden space 61440K, 100% used [0x00000000e0000000,0x00000000e3c00000,0x00000000e3c00000)
  from space 2560K, 0% used [0x00000000e3c00000,0x00000000e3c00000,0x00000000e3e80000)
  to   space 10752K, 0% used [0x00000000e8280000,0x00000000e8280000,0x00000000e8d00000)
 ParOldGen       total 35840K, used 11089K [0x00000000a0000000, 0x00000000a2300000, 0x00000000e0000000)
  object space 35840K, 30% used [0x00000000a0000000,0x00000000a0ad4678,0x00000000a2300000)
 Metaspace       used 25431K, capacity 25996K, committed 26368K, reserved 1071104K
  class space    used 3556K, capacity 3731K, committed 3840K, reserved 1048576K
Event: 31.174 GC heap after
Heap after GC invocations=7 (full 1):
 PSYoungGen      total 124416K, used 7570K [0x00000000e0000000, 0x00000000e8a00000, 0x0000000100000000)
  eden space 116736K, 0% used [0x00000000e0000000,0x00000000e0000000,0x00000000e7200000)
  from space 7680K, 98% used [0x00000000e8280000,0x00000000e89e4a60,0x00000000e8a00000)
  to   space 11264K, 0% used [0x00000000e7400000,0x00000000e7400000,0x00000000e7f00000)
 ParOldGen       total 35840K, used 11097K [0x00000000a0000000, 0x00000000a2300000, 0x00000000e0000000)
  object space 35840K, 30% used [0x00000000a0000000,0x00000000a0ad6678,0x00000000a2300000)
 Metaspace       used 25431K, capacity 25996K, committed 26368K, reserved 1071104K
  class space    used 3556K, capacity 3731K, committed 3840K, reserved 1048576K
}
Event: 42.138 GC heap before
{Heap before GC invocations=8 (full 1):
 PSYoungGen      total 124416K, used 124306K [0x00000000e0000000, 0x00000000e8a00000, 0x0000000100000000)
  eden space 116736K, 100% used [0x00000000e0000000,0x00000000e7200000,0x00000000e7200000)
  from space 7680K, 98% used [0x00000000e8280000,0x00000000e89e4a60,0x00000000e8a00000)
  to   space 11264K, 0% used [0x00000000e7400000,0x00000000e7400000,0x00000000e7f00000)
 ParOldGen       total 35840K, used 11097K [0x00000000a0000000, 0x00000000a2300000, 0x00000000e0000000)
  object space 35840K, 30% used [0x00000000a0000000,0x00000000a0ad6678,0x00000000a2300000)
 Metaspace       used 30806K, capacity 31420K, committed 31872K, reserved 1077248K
  class space    used 4203K, capacity 4385K, committed 4480K, reserved 1048576K

